<testng-results>
  <reporter-output>
  </reporter-output>
  <suite name="authentication">
    <groups>
      <group name="broken">
        <method signature="ch.systemsx.cisd.authentication.crowd.RealCrowdAuthenticationTest.testCrowdTestAccount()" name="testCrowdTestAccount" class="ch.systemsx.cisd.authentication.crowd.RealCrowdAuthenticationTest"/>
      </group>
    </groups>
    <test name="ch.systemsx.cisd.authentication.crowd.RealCrowdAuthenticationTest">
      <class name="ch.systemsx.cisd.authentication.crowd.RealCrowdAuthenticationTest">
        <test-method status="PASS" signature="testCrowdTestAccount()" name="testCrowdTestAccount" duration-ms="818" started-at="2010-01-07T14:08:56Z" finished-at="2010-01-07T14:08:57Z">
        </test-method>
      </class>
    </test>
  </suite>
</testng-results>
