Problem:

java.lang.IllegalArgumentException: No dump file found.
        at ch.ethz.bsse.cisd.dsu.dss.systemtests.DSUTestInitializer.init(DSUTestInitializer.java:71)
        at ch.ethz.bsse.cisd.dsu.dss.systemtests.DSUDropboxSystemTest.beforeSuite(DSUDropboxSystemTest.java:33)

Solution:

ssh jenkins (i.e. ci@bs-ci01.ethz.ch)
cd ~/jenkins/workspace_fast/deep_sequencing_unit/resource/test-db
ln -s ../../../../test-db/openbis_test_qgf.dmp openbis_test_qgf.dmp
ls -la

Problem:

Caused by: ch.systemsx.cisd.common.exceptions.ConfigurationFailureException: Store root 'targets/playground/store' does not exist.
        at ch.systemsx.cisd.common.exceptions.ConfigurationFailureException.fromTemplate(ConfigurationFailureException.java:49)
        at ch.systemsx.cisd.openbis.dss.generic.server.plugins.standard.AbstractDatastorePlugin.<init>(AbstractDatastorePlugin.java:66)
        at ch.systemsx.cisd.openbis.dss.generic.server.plugins.standard.AbstractDatastorePlugin.<init>(AbstractDatastorePlugin.java:58)

Solution:

ssh jenkins (i.e. ci@bs-ci01.ethz.ch)
cd ~/jenkins/workspace_fast/deep_sequencing_unit/targets
mkdir -p playground/store
