<testng-results>
  <reporter-output>
  </reporter-output>
  <suite name="eu_basysbio">
    <groups>
    </groups>
    <test name="eu.basysbio.cisd.dss.TimeSeriesDataSetHandlerTest">
      <class name="eu.basysbio.cisd.dss.TimeSeriesDataSetHandlerTest">
        <test-method status="PASS" signature="beforeMethod()" name="beforeMethod" is-config="true" duration-ms="0" started-at="2010-02-02T10:46:06Z" finished-at="2010-02-02T10:46:06Z">
        </test-method>
        <test-method status="PASS" signature="setUp()" name="setUp" is-config="true" duration-ms="0" started-at="2010-02-02T10:46:06Z" finished-at="2010-02-02T10:46:06Z">
        </test-method>
        <test-method status="PASS" signature="beforeMethod()" name="beforeMethod" is-config="true" duration-ms="136" started-at="2010-02-02T10:46:06Z" finished-at="2010-02-02T10:46:06Z">
        </test-method>
        <test-method status="PASS" signature="tearDown()" name="tearDown" is-config="true" duration-ms="0" started-at="2010-02-02T10:46:06Z" finished-at="2010-02-02T10:46:06Z">
        </test-method>
        <test-method status="PASS" signature="setUp()" name="setUp" is-config="true" duration-ms="1" started-at="2010-02-02T10:46:06Z" finished-at="2010-02-02T10:46:06Z">
        </test-method>
        <test-method status="PASS" signature="tearDown()" name="tearDown" is-config="true" duration-ms="1" started-at="2010-02-02T10:46:06Z" finished-at="2010-02-02T10:46:06Z">
        </test-method>
        <test-method status="PASS" signature="setUp()" name="setUp" is-config="true" duration-ms="1" started-at="2010-02-02T10:46:06Z" finished-at="2010-02-02T10:46:06Z">
        </test-method>
        <test-method status="PASS" signature="beforeMethod()" name="beforeMethod" is-config="true" duration-ms="1" started-at="2010-02-02T10:46:06Z" finished-at="2010-02-02T10:46:06Z">
        </test-method>
        <test-method status="PASS" signature="beforeMethod()" name="beforeMethod" is-config="true" duration-ms="1" started-at="2010-02-02T10:46:06Z" finished-at="2010-02-02T10:46:06Z">
        </test-method>
        <test-method status="PASS" signature="testWrongExperiment()" name="testWrongExperiment" duration-ms="25" started-at="2010-02-02T10:46:06Z" finished-at="2010-02-02T10:46:06Z">
        </test-method>
        <test-method status="PASS" signature="afterClass()" name="afterClass" is-config="true" duration-ms="0" started-at="2010-02-02T10:46:06Z" finished-at="2010-02-02T10:46:06Z">
        </test-method>
        <test-method status="PASS" signature="tearDown()" name="tearDown" is-config="true" duration-ms="0" started-at="2010-02-02T10:46:06Z" finished-at="2010-02-02T10:46:06Z">
        </test-method>
        <test-method status="PASS" signature="testDataSetAlreadyExists()" name="testDataSetAlreadyExists" duration-ms="7" started-at="2010-02-02T10:46:06Z" finished-at="2010-02-02T10:46:06Z">
        </test-method>
        <test-method status="PASS" signature="tearDown()" name="tearDown" is-config="true" duration-ms="0" started-at="2010-02-02T10:46:06Z" finished-at="2010-02-02T10:46:06Z">
        </test-method>
        <test-method status="PASS" signature="testMissingExperiment()" name="testMissingExperiment" duration-ms="47" started-at="2010-02-02T10:46:06Z" finished-at="2010-02-02T10:46:06Z">
        </test-method>
        <test-method status="PASS" signature="beforeMethod()" name="beforeMethod" is-config="true" duration-ms="1" started-at="2010-02-02T10:46:06Z" finished-at="2010-02-02T10:46:06Z">
        </test-method>
        <test-method status="PASS" signature="setUp()" name="setUp" is-config="true" duration-ms="2" started-at="2010-02-02T10:46:06Z" finished-at="2010-02-02T10:46:06Z">
        </test-method>
        <test-method status="PASS" signature="testWrongDataSetType()" name="testWrongDataSetType" duration-ms="5" started-at="2010-02-02T10:46:06Z" finished-at="2010-02-02T10:46:06Z">
        </test-method>
        <test-method status="PASS" signature="test()" name="test" duration-ms="74" started-at="2010-02-02T10:46:06Z" finished-at="2010-02-02T10:46:06Z">
        </test-method>
        <test-method status="PASS" signature="beforeMethod()" name="beforeMethod" is-config="true" duration-ms="0" started-at="2010-02-02T10:46:06Z" finished-at="2010-02-02T10:46:06Z">
        </test-method>
        <test-method status="PASS" signature="testMissingDropBoxProperty()" name="testMissingDropBoxProperty" duration-ms="1" started-at="2010-02-02T10:46:06Z" finished-at="2010-02-02T10:46:06Z">
        </test-method>
        <test-method status="PASS" signature="tearDown()" name="tearDown" is-config="true" duration-ms="0" started-at="2010-02-02T10:46:06Z" finished-at="2010-02-02T10:46:06Z">
        </test-method>
        <test-method status="PASS" signature="setUp()" name="setUp" is-config="true" duration-ms="8" started-at="2010-02-02T10:46:06Z" finished-at="2010-02-02T10:46:06Z">
        </test-method>
        <test-method status="PASS" signature="testMissingDataSetTypesProperty()" name="testMissingDataSetTypesProperty" duration-ms="2" started-at="2010-02-02T10:46:06Z" finished-at="2010-02-02T10:46:06Z">
        </test-method>
        <test-method status="PASS" signature="beforeMethod()" name="beforeMethod" is-config="true" duration-ms="1" started-at="2010-02-02T10:46:06Z" finished-at="2010-02-02T10:46:06Z">
        </test-method>
        <test-method status="PASS" signature="setUp()" name="setUp" is-config="true" duration-ms="0" started-at="2010-02-02T10:46:06Z" finished-at="2010-02-02T10:46:06Z">
        </test-method>
        <test-method status="PASS" signature="tearDown()" name="tearDown" is-config="true" duration-ms="0" started-at="2010-02-02T10:46:06Z" finished-at="2010-02-02T10:46:06Z">
        </test-method>
        <test-method status="PASS" signature="setUp()" name="setUp" is-config="true" duration-ms="1" started-at="2010-02-02T10:46:06Z" finished-at="2010-02-02T10:46:06Z">
        </test-method>
        <test-method status="PASS" signature="tearDown()" name="tearDown" is-config="true" duration-ms="0" started-at="2010-02-02T10:46:06Z" finished-at="2010-02-02T10:46:06Z">
        </test-method>
        <test-method status="PASS" signature="beforeMethod()" name="beforeMethod" is-config="true" duration-ms="0" started-at="2010-02-02T10:46:06Z" finished-at="2010-02-02T10:46:06Z">
        </test-method>
        <test-method status="PASS" signature="tearDown()" name="tearDown" is-config="true" duration-ms="0" started-at="2010-02-02T10:46:06Z" finished-at="2010-02-02T10:46:06Z">
        </test-method>
        <test-method status="PASS" signature="testMissingDataSetProertiesFileNameProperty()" name="testMissingDataSetProertiesFileNameProperty" duration-ms="4" started-at="2010-02-02T10:46:06Z" finished-at="2010-02-02T10:46:06Z">
        </test-method>
        <test-method status="PASS" signature="setUp()" name="setUp" is-config="true" duration-ms="1" started-at="2010-02-02T10:46:06Z" finished-at="2010-02-02T10:46:06Z">
        </test-method>
      </class>
    </test>
  </suite>
</testng-results>
